2026-03-30 00:38:25,543 - SCHEDULER - INFO - Hoàn thành: src\module2_prediction\04_flood_data_fusion.py

2026-03-30 00:38:52,181 - SCHEDULER - INFO - Hoàn thành: src\module2_prediction\06_integrated_risk_prediction.py

2026-03-30 00:40:26,891 - SCHEDULER - INFO - ========== Bل؛®T ؤگل؛¦U CHU Kل»² Cل؛¬P NHل؛¬T AI Hأ€NG NGأ€Y ==========
2026-03-30 00:40:26,892 - SCHEDULER - INFO - Bل؛¯t ؤ‘ل؛§u chل؛،y: src\module2_prediction\04_flood_data_fusion.py
2026-03-30 00:40:28,691 - SCHEDULER - INFO - Hoأ n thأ nh: src\module2_prediction\04_flood_data_fusion.py

2026-03-30 00:40:28,692 - SCHEDULER - INFO - Bل؛¯t ؤ‘ل؛§u chل؛،y: src\module2_prediction\06_integrated_risk_prediction.py
2026-03-30 00:40:41,187 - SCHEDULER - INFO - Hoأ n thأ nh: src\module2_prediction\06_integrated_risk_prediction.py

2026-03-30 00:40:41,188 - SCHEDULER - INFO - Bل؛¯t ؤ‘ل؛§u chل؛،y: src\module3_routing\08_ahp_weighting.py
2026-03-30 00:40:43,887 - SCHEDULER - ERROR - Lل»–I KHI CHل؛ Y src\module3_routing\08_ahp_weighting.py:
2026-03-30 00:40:43,457 - INFO - B\u01af\u1edaC 08: TأچNH TOأپN CHI PHأچ MCDM T\u1ed0C \u0110\u1ed8 CAO (\u0110أƒ TأچCH H\u1ee2P AHP)...
2026-03-30 00:40:43,521 - INFO - \u0110أ£ nh\u1eadn r\u1ee7i ro t\u1eeb h\u1ec7 th\u1ed1ng AI: Ng\u1eadp 0.02% | S\u1ea1t l\u1edf 1.23%
Traceback (most recent call last):
  File "E:\NCKH\GuardBaXat\Spatial-Intelligence\.venv\Lib\site-packages\pandas\core\indexes\base.py", line 3641, in get_loc
    return self._engine.get_loc(casted_key)
           ~~~~~~~~~~~~~~~~~~~~^^^^^^^^^^^^
  File "pandas/_libs/index.pyx", line 168, in pandas._libs.index.IndexEngine.get_loc
  File "pandas/_libs/index.pyx", line 197, in pandas._libs.index.IndexEngine.get_loc
  File "pandas/_libs/hashtable_class_helper.pxi", line 7668, in pandas._libs.hashtable.PyObjectHashTable.get_item
  File "pandas/_libs/hashtable_class_helper.pxi", line 7676, in pandas._libs.hashtable.PyObjectHashTable.get_item
KeyError: 'avg_slope'

The above exception was the direct cause of the following exception:

Traceback (most recent call last):
  File "E:\NCKH\GuardBaXat\Spatial-Intelligence\src\module3_routing\08_ahp_weighting.py", line 183, in <module>
    apply_mcdm_to_enriched_graph()
    ~~~~~~~~~~~~~~~~~~~~~~~~~~~~^^
  File "E:\NCKH\GuardBaXat\Spatial-Intelligence\src\module3_routing\08_ahp_weighting.py", line 107, in apply_mcdm_to_enriched_graph
    df[col] = pd.to_numeric(df[col], errors='coerce').fillna(0)
                            ~~^^^^^
  File "E:\NCKH\GuardBaXat\Spatial-Intelligence\.venv\Lib\site-packages\pandas\core\frame.py", line 4378, in __getitem__
    indexer = self.columns.get_loc(key)
  File "E:\NCKH\GuardBaXat\Spatial-Intelligence\.venv\Lib\site-packages\pandas\core\indexes\base.py", line 3648, in get_loc
    raise KeyError(key) from err
KeyError: 'avg_slope'

2026-03-30 00:40:43,888 - SCHEDULER - INFO - ========== Kل؛¾T THأڑC CHU Kل»² Cل؛¬P NHل؛¬T ==========
2026-03-30 00:40:43,889 - SCHEDULER - INFO - Hل»‡ thل»‘ng Scheduler ؤ‘أ£ khل»ںi ؤ‘ل»™ng. ؤگang chل»‌ ؤ‘ل؛؟n giل»‌ ...
2026-03-30 00:45:09,616 - SCHEDULER - INFO - ========== Bل؛®T ؤگل؛¦U CHU Kل»² Cل؛¬P NHل؛¬T AI Hأ€NG NGأ€Y ==========
2026-03-30 00:45:09,616 - SCHEDULER - INFO - Bل؛¯t ؤ‘ل؛§u chل؛،y: src\module2_prediction\04_flood_data_fusion.py
2026-03-30 00:45:12,104 - SCHEDULER - INFO - Hoأ n thأ nh: src\module2_prediction\04_flood_data_fusion.py

2026-03-30 00:45:12,104 - SCHEDULER - INFO - Bل؛¯t ؤ‘ل؛§u chل؛،y: src\module2_prediction\06_integrated_risk_prediction.py
2026-03-30 00:45:27,573 - SCHEDULER - INFO - Hoأ n thأ nh: src\module2_prediction\06_integrated_risk_prediction.py

2026-03-30 00:45:27,574 - SCHEDULER - INFO - Bل؛¯t ؤ‘ل؛§u chل؛،y: src\module3_routing\08_ahp_weighting.py
2026-03-30 00:46:08,947 - SCHEDULER - INFO - Hoأ n thأ nh: src\module3_routing\08_ahp_weighting.py

2026-03-30 00:46:08,947 - SCHEDULER - INFO - ========== Kل؛¾T THأڑC CHU Kل»² Cل؛¬P NHل؛¬T ==========
2026-03-30 00:46:08,947 - SCHEDULER - INFO - Hل»‡ thل»‘ng Scheduler ؤ‘أ£ khل»ںi ؤ‘ل»™ng. ؤگang chل»‌ ؤ‘ل؛؟n giل»‌ ...
